app/build/intermediates/manifest_merge_blame_file/release/manifest-merger-blame-release-report.txt
1<?xml version="1.0" encoding="utf-8"?>
2<manifest xmlns:android="http://schemas.android.com/apk/res/android"
3    package="com.drkryz.musicplayer"
4    android:versionCode="31"
5    android:versionName="1.12.70" >
6
7    <uses-sdk
8        android:minSdkVersion="22"
8-->src/main/AndroidManifest.xml
9        android:targetSdkVersion="31" />
9-->src/main/AndroidManifest.xml
10
11    <permission android:name="android.permission.BIND_NOTIFICATION_LISTENER_SERVICE" />
11-->src/main/AndroidManifest.xml:6:5-88
11-->src/main/AndroidManifest.xml:6:17-85
12    <permission android:name="android.permission.MEDIA_CONTENT_CONTROL" />
12-->src/main/AndroidManifest.xml:7:5-75
12-->src/main/AndroidManifest.xml:7:17-72
13
14    <uses-permission android:name="android.permission.READ_PHONE_STATE" />
14-->src/main/AndroidManifest.xml:9:5-75
14-->src/main/AndroidManifest.xml:9:22-72
15    <uses-permission android:name="android.permission.WAKE_LOCK" />
15-->src/main/AndroidManifest.xml:10:5-68
15-->src/main/AndroidManifest.xml:10:22-65
16    <uses-permission android:name="android.permission.REQUEST_IGNORE_BATTERY_OPTIMIZATIONS" />
16-->src/main/AndroidManifest.xml:11:5-95
16-->src/main/AndroidManifest.xml:11:22-92
17    <uses-permission android:name="android.permission.INTERNET" />
17-->src/main/AndroidManifest.xml:12:5-67
17-->src/main/AndroidManifest.xml:12:22-64
18    <uses-permission android:name="android.permission.READ_EXTERNAL_STORAGE" />
18-->src/main/AndroidManifest.xml:13:5-80
18-->src/main/AndroidManifest.xml:13:22-77
19    <uses-permission android:name="android.permission.WRITE_EXTERNAL_STORAGE" />
19-->src/main/AndroidManifest.xml:14:5-81
19-->src/main/AndroidManifest.xml:14:22-78
20    <uses-permission android:name="android.permission.FOREGROUND_SERVICE" />
20-->src/main/AndroidManifest.xml:15:5-77
20-->src/main/AndroidManifest.xml:15:22-74
21    <uses-permission android:name="android.permission.MODIFY_AUDIO_SETTINGS" />
21-->src/main/AndroidManifest.xml:16:5-80
21-->src/main/AndroidManifest.xml:16:22-77
22    <uses-permission android:name="android.permission.RECORD_AUDIO" />
22-->src/main/AndroidManifest.xml:17:5-71
22-->src/main/AndroidManifest.xml:17:22-68
23
24    <permission android:name="android.permission.BIND_NOTIFICATION_LISTENER_SERVICE" />
24-->src/main/AndroidManifest.xml:6:5-88
24-->src/main/AndroidManifest.xml:6:17-85
25
26    <queries>
26-->[net.openid:appauth:0.10.0] AndroidManifest.xml:24:5-32:15
27        <intent>
27-->[net.openid:appauth:0.10.0] AndroidManifest.xml:25:9-31:18
28            <action android:name="android.intent.action.VIEW" />
28-->src/main/AndroidManifest.xml:62:17-69
28-->src/main/AndroidManifest.xml:62:25-66
29
30            <category android:name="android.intent.category.BROWSABLE" />
30-->src/main/AndroidManifest.xml:65:17-78
30-->src/main/AndroidManifest.xml:65:27-75
31
32            <data android:scheme="https" />
32-->src/main/AndroidManifest.xml:67:17-69:46
32-->src/main/AndroidManifest.xml:69:21-43
33        </intent>
34    </queries> <!-- Although the *SdkVersion is captured in gradle build files, this is required for non gradle builds -->
35    <!-- <uses-sdk android:minSdkVersion="14"/> -->
36    <uses-permission android:name="android.permission.ACCESS_NETWORK_STATE" />
36-->[com.google.android.datatransport:transport-backend-cct:3.0.0] AndroidManifest.xml:25:5-79
36-->[com.google.android.datatransport:transport-backend-cct:3.0.0] AndroidManifest.xml:25:22-76
37    <uses-permission android:name="com.google.android.finsky.permission.BIND_GET_INSTALL_REFERRER_SERVICE" />
37-->[com.google.android.gms:play-services-measurement:20.0.0] AndroidManifest.xml:26:5-110
37-->[com.google.android.gms:play-services-measurement:20.0.0] AndroidManifest.xml:26:22-107
38
39    <application
39-->src/main/AndroidManifest.xml:21:5-119:19
40        android:name="com.drkryz.musicplayer.utils.ApplicationUtil"
40-->src/main/AndroidManifest.xml:22:9-46
41        android:appCategory="audio"
41-->src/main/AndroidManifest.xml:23:9-36
42        android:appComponentFactory="androidx.core.app.CoreComponentFactory"
42-->[androidx.core:core:1.6.0] AndroidManifest.xml:24:18-86
43        android:icon="@mipmap/ic_launcher"
43-->src/main/AndroidManifest.xml:24:9-43
44        android:label="@string/app_name"
44-->src/main/AndroidManifest.xml:25:9-41
45        android:requestLegacyExternalStorage="true"
45-->src/main/AndroidManifest.xml:26:9-52
46        android:roundIcon="@mipmap/ic_launcher"
46-->src/main/AndroidManifest.xml:27:9-48
47        android:supportsRtl="true"
47-->src/main/AndroidManifest.xml:28:9-35
48        android:theme="@style/Theme.MusicPlayer" >
48-->src/main/AndroidManifest.xml:29:9-49
49        <activity
49-->src/main/AndroidManifest.xml:31:9-36:15
50            android:name="com.drkryz.musicplayer.screens.PlayerActivity"
50-->src/main/AndroidManifest.xml:32:13-51
51            android:exported="true"
51-->src/main/AndroidManifest.xml:33:13-36
52            android:launchMode="singleInstance"
52-->src/main/AndroidManifest.xml:34:13-48
53            android:screenOrientation="portrait" />
53-->src/main/AndroidManifest.xml:35:13-49
54        <activity
54-->src/main/AndroidManifest.xml:37:9-39:39
55            android:name="com.drkryz.musicplayer.screens.YTMusicActivity"
55-->src/main/AndroidManifest.xml:38:13-52
56            android:exported="true" />
56-->src/main/AndroidManifest.xml:39:13-36
57
58        <meta-data
58-->src/main/AndroidManifest.xml:41:9-43:59
59            android:name="com.google.android.gms.car.application"
59-->src/main/AndroidManifest.xml:42:13-66
60            android:resource="@xml/automotive_app_desc" />
60-->src/main/AndroidManifest.xml:43:13-56
61        <meta-data
61-->src/main/AndroidManifest.xml:44:9-46:36
62            android:name="android.app.background_running"
62-->src/main/AndroidManifest.xml:45:13-58
63            android:value="true" />
63-->src/main/AndroidManifest.xml:46:13-33
64
65        <activity
65-->src/main/AndroidManifest.xml:48:9-52:52
66            android:name="com.drkryz.musicplayer.screens.MusicActivity"
66-->src/main/AndroidManifest.xml:49:13-50
67            android:exported="true"
67-->src/main/AndroidManifest.xml:50:13-36
68            android:launchMode="singleInstance"
68-->src/main/AndroidManifest.xml:51:13-48
69            android:screenOrientation="portrait" />
69-->src/main/AndroidManifest.xml:52:13-49
70        <activity
70-->src/main/AndroidManifest.xml:53:9-55:39
71            android:name="com.drkryz.musicplayer.screens.PermissionActivity"
71-->src/main/AndroidManifest.xml:54:13-55
72            android:exported="true" />
72-->src/main/AndroidManifest.xml:55:13-36
73        <activity
73-->src/main/AndroidManifest.xml:56:9-74:20
74            android:name="net.openid.appauth.RedirectUriReceiverActivity"
74-->src/main/AndroidManifest.xml:57:13-74
75            android:exported="true"
75-->src/main/AndroidManifest.xml:58:13-36
76            android:launchMode="singleTop" >
76-->src/main/AndroidManifest.xml:59:13-43
77            <intent-filter>
77-->src/main/AndroidManifest.xml:61:13-73:29
78                <action android:name="android.intent.action.VIEW" />
78-->src/main/AndroidManifest.xml:62:17-69
78-->src/main/AndroidManifest.xml:62:25-66
79
80                <category android:name="android.intent.category.DEFAULT" />
80-->src/main/AndroidManifest.xml:64:17-76
80-->src/main/AndroidManifest.xml:64:27-73
81                <category android:name="android.intent.category.BROWSABLE" />
81-->src/main/AndroidManifest.xml:65:17-78
81-->src/main/AndroidManifest.xml:65:27-75
82                <!-- Accepts URIs that begin with "example://gizmos” -->
83                <data
83-->src/main/AndroidManifest.xml:67:17-69:46
84                    android:host="https://www.drkryz.xyz"
84-->src/main/AndroidManifest.xml:68:21-58
85                    android:scheme="https" />
85-->src/main/AndroidManifest.xml:69:21-43
86                <data
86-->src/main/AndroidManifest.xml:67:17-69:46
87                    android:host="example"
87-->src/main/AndroidManifest.xml:68:21-58
88                    android:scheme="app" />
88-->src/main/AndroidManifest.xml:69:21-43
89            </intent-filter>
90        </activity>
91        <activity
91-->src/main/AndroidManifest.xml:75:9-87:20
92            android:name="com.drkryz.musicplayer.screens.SplashActivity"
92-->src/main/AndroidManifest.xml:76:13-51
93            android:exported="true"
93-->src/main/AndroidManifest.xml:77:13-36
94            android:label="@string/app_name"
94-->src/main/AndroidManifest.xml:78:13-45
95            android:theme="@style/SplashTheme" >
95-->src/main/AndroidManifest.xml:79:13-47
96            <intent-filter>
96-->src/main/AndroidManifest.xml:80:13-86:29
97                <action android:name="anroid.intent.action.VIEW" />
97-->src/main/AndroidManifest.xml:81:17-68
97-->src/main/AndroidManifest.xml:81:25-65
98
99                <category android:name="android.intent.category.BROWSABLE" />
99-->src/main/AndroidManifest.xml:65:17-78
99-->src/main/AndroidManifest.xml:65:27-75
100
101                <action android:name="android.intent.action.MAIN" />
101-->src/main/AndroidManifest.xml:83:17-69
101-->src/main/AndroidManifest.xml:83:25-66
102
103                <category android:name="android.intent.category.APP_MUSIC" />
103-->src/main/AndroidManifest.xml:84:17-78
103-->src/main/AndroidManifest.xml:84:27-75
104                <category android:name="android.intent.category.LAUNCHER" />
104-->src/main/AndroidManifest.xml:85:17-77
104-->src/main/AndroidManifest.xml:85:27-74
105            </intent-filter>
106        </activity>
107
108        <service
108-->src/main/AndroidManifest.xml:89:9-100:19
109            android:name="com.drkryz.musicplayer.services.MusicService"
109-->src/main/AndroidManifest.xml:90:13-50
110            android:enabled="true"
110-->src/main/AndroidManifest.xml:91:13-35
111            android:exported="true"
111-->src/main/AndroidManifest.xml:92:13-36
112            android:foregroundServiceType="mediaPlayback"
112-->src/main/AndroidManifest.xml:93:13-58
113            android:label="MusicService"
113-->src/main/AndroidManifest.xml:94:13-41
114            android:stopWithTask="false" >
114-->src/main/AndroidManifest.xml:95:13-41
115            <intent-filter>
115-->src/main/AndroidManifest.xml:97:13-99:29
116                <action android:name="android.intent.action.MEDIA_BUTTON" />
116-->src/main/AndroidManifest.xml:98:17-77
116-->src/main/AndroidManifest.xml:98:25-74
117            </intent-filter>
118        </service>
119        <service
119-->src/main/AndroidManifest.xml:101:9-110:19
120            android:name="com.drkryz.musicplayer.services.MediaBrowserService"
120-->src/main/AndroidManifest.xml:102:13-57
121            android:description="@string/app_name"
121-->src/main/AndroidManifest.xml:103:13-51
122            android:enabled="true"
122-->src/main/AndroidManifest.xml:104:13-35
123            android:exported="false"
123-->src/main/AndroidManifest.xml:105:13-37
124            android:label="@string/app_name" >
124-->src/main/AndroidManifest.xml:106:13-45
125            <intent-filter>
125-->src/main/AndroidManifest.xml:107:13-109:29
126                <action android:name="android.media.browse.MediaBrowserService" />
126-->src/main/AndroidManifest.xml:108:17-83
126-->src/main/AndroidManifest.xml:108:25-80
127            </intent-filter>
128        </service>
129
130        <receiver
130-->src/main/AndroidManifest.xml:112:9-118:20
131            android:name="androidx.media.session.MediaButtonReceiver"
131-->src/main/AndroidManifest.xml:113:13-70
132            android:exported="true" >
132-->src/main/AndroidManifest.xml:114:13-36
133            <intent-filter>
133-->src/main/AndroidManifest.xml:97:13-99:29
134                <action android:name="android.intent.action.MEDIA_BUTTON" />
134-->src/main/AndroidManifest.xml:98:17-77
134-->src/main/AndroidManifest.xml:98:25-74
135            </intent-filter>
136        </receiver>
137
138        <activity
138-->[net.openid:appauth:0.10.0] AndroidManifest.xml:35:9-39:77
139            android:name="net.openid.appauth.AuthorizationManagementActivity"
139-->[net.openid:appauth:0.10.0] AndroidManifest.xml:36:13-78
140            android:exported="false"
140-->[net.openid:appauth:0.10.0] AndroidManifest.xml:37:13-37
141            android:launchMode="singleTask"
141-->[net.openid:appauth:0.10.0] AndroidManifest.xml:38:13-44
142            android:theme="@style/Theme.AppCompat.Translucent.NoTitleBar" />
142-->[net.openid:appauth:0.10.0] AndroidManifest.xml:39:13-74
143
144        <provider
144-->[com.google.firebase:firebase-perf:20.0.2] AndroidManifest.xml:14:9-18:39
145            android:name="com.google.firebase.perf.provider.FirebasePerfProvider"
145-->[com.google.firebase:firebase-perf:20.0.2] AndroidManifest.xml:15:13-82
146            android:authorities="com.drkryz.musicplayer.firebaseperfprovider"
146-->[com.google.firebase:firebase-perf:20.0.2] AndroidManifest.xml:16:13-72
147            android:exported="false"
147-->[com.google.firebase:firebase-perf:20.0.2] AndroidManifest.xml:17:13-37
148            android:initOrder="101" />
148-->[com.google.firebase:firebase-perf:20.0.2] AndroidManifest.xml:18:13-36
149
150        <service
150-->[com.google.firebase:firebase-perf:20.0.2] AndroidManifest.xml:20:9-26:19
151            android:name="com.google.firebase.components.ComponentDiscoveryService"
151-->[com.google.firebase:firebase-perf:20.0.2] AndroidManifest.xml:21:13-84
152            android:directBootAware="true"
152-->[com.google.firebase:firebase-common:20.0.0] AndroidManifest.xml:35:13-43
153            android:exported="false" >
153-->[com.google.firebase:firebase-perf:20.0.2] AndroidManifest.xml:22:13-37
154            <meta-data
154-->[com.google.firebase:firebase-perf:20.0.2] AndroidManifest.xml:23:13-25:85
155                android:name="com.google.firebase.components:com.google.firebase.perf.FirebasePerfRegistrar"
155-->[com.google.firebase:firebase-perf:20.0.2] AndroidManifest.xml:24:17-109
156                android:value="com.google.firebase.components.ComponentRegistrar" />
156-->[com.google.firebase:firebase-perf:20.0.2] AndroidManifest.xml:25:17-82
157            <meta-data
157-->[com.google.firebase:firebase-crashlytics:18.2.1] AndroidManifest.xml:18:13-20:85
158                android:name="com.google.firebase.components:com.google.firebase.crashlytics.CrashlyticsRegistrar"
158-->[com.google.firebase:firebase-crashlytics:18.2.1] AndroidManifest.xml:19:17-115
159                android:value="com.google.firebase.components.ComponentRegistrar" />
159-->[com.google.firebase:firebase-crashlytics:18.2.1] AndroidManifest.xml:20:17-82
160            <meta-data
160-->[com.google.firebase:firebase-datatransport:18.0.0] AndroidManifest.xml:28:13-30:85
161                android:name="com.google.firebase.components:com.google.firebase.datatransport.TransportRegistrar"
161-->[com.google.firebase:firebase-datatransport:18.0.0] AndroidManifest.xml:29:17-115
162                android:value="com.google.firebase.components.ComponentRegistrar" />
162-->[com.google.firebase:firebase-datatransport:18.0.0] AndroidManifest.xml:30:17-82
163            <meta-data
163-->[com.google.firebase:firebase-config:21.0.1] AndroidManifest.xml:32:13-34:85
164                android:name="com.google.firebase.components:com.google.firebase.remoteconfig.RemoteConfigRegistrar"
164-->[com.google.firebase:firebase-config:21.0.1] AndroidManifest.xml:33:17-117
165                android:value="com.google.firebase.components.ComponentRegistrar" />
165-->[com.google.firebase:firebase-config:21.0.1] AndroidManifest.xml:34:17-82
166            <meta-data
166-->[com.google.android.gms:play-services-measurement-api:20.0.0] AndroidManifest.xml:30:13-32:85
167                android:name="com.google.firebase.components:com.google.firebase.analytics.connector.internal.AnalyticsConnectorRegistrar"
167-->[com.google.android.gms:play-services-measurement-api:20.0.0] AndroidManifest.xml:31:17-139
168                android:value="com.google.firebase.components.ComponentRegistrar" />
168-->[com.google.android.gms:play-services-measurement-api:20.0.0] AndroidManifest.xml:32:17-82
169            <meta-data
169-->[com.google.firebase:firebase-installations:17.0.0] AndroidManifest.xml:18:13-20:85
170                android:name="com.google.firebase.components:com.google.firebase.installations.FirebaseInstallationsRegistrar"
170-->[com.google.firebase:firebase-installations:17.0.0] AndroidManifest.xml:19:17-127
171                android:value="com.google.firebase.components.ComponentRegistrar" />
171-->[com.google.firebase:firebase-installations:17.0.0] AndroidManifest.xml:20:17-82
172            <meta-data
172-->[com.google.firebase:firebase-abt:21.0.0] AndroidManifest.xml:13:13-15:85
173                android:name="com.google.firebase.components:com.google.firebase.abt.component.AbtRegistrar"
173-->[com.google.firebase:firebase-abt:21.0.0] AndroidManifest.xml:14:17-109
174                android:value="com.google.firebase.components.ComponentRegistrar" />
174-->[com.google.firebase:firebase-abt:21.0.0] AndroidManifest.xml:15:17-82
175        </service>
176        <service
176-->[com.google.android.datatransport:transport-backend-cct:3.0.0] AndroidManifest.xml:29:9-35:19
177            android:name="com.google.android.datatransport.runtime.backends.TransportBackendDiscovery"
177-->[com.google.android.datatransport:transport-backend-cct:3.0.0] AndroidManifest.xml:30:13-103
178            android:exported="false" >
178-->[com.google.android.datatransport:transport-backend-cct:3.0.0] AndroidManifest.xml:31:13-37
179            <meta-data
179-->[com.google.android.datatransport:transport-backend-cct:3.0.0] AndroidManifest.xml:32:13-34:39
180                android:name="backend:com.google.android.datatransport.cct.CctBackendFactory"
180-->[com.google.android.datatransport:transport-backend-cct:3.0.0] AndroidManifest.xml:33:17-94
181                android:value="cct" />
181-->[com.google.android.datatransport:transport-backend-cct:3.0.0] AndroidManifest.xml:34:17-36
182        </service>
183
184        <provider
184-->[com.google.firebase:firebase-common:20.0.0] AndroidManifest.xml:26:9-31:39
185            android:name="com.google.firebase.provider.FirebaseInitProvider"
185-->[com.google.firebase:firebase-common:20.0.0] AndroidManifest.xml:27:13-77
186            android:authorities="com.drkryz.musicplayer.firebaseinitprovider"
186-->[com.google.firebase:firebase-common:20.0.0] AndroidManifest.xml:28:13-72
187            android:directBootAware="true"
187-->[com.google.firebase:firebase-common:20.0.0] AndroidManifest.xml:29:13-43
188            android:exported="false"
188-->[com.google.firebase:firebase-common:20.0.0] AndroidManifest.xml:30:13-37
189            android:initOrder="100" />
189-->[com.google.firebase:firebase-common:20.0.0] AndroidManifest.xml:31:13-36
190
191        <receiver
191-->[com.google.android.gms:play-services-measurement:20.0.0] AndroidManifest.xml:29:9-33:20
192            android:name="com.google.android.gms.measurement.AppMeasurementReceiver"
192-->[com.google.android.gms:play-services-measurement:20.0.0] AndroidManifest.xml:30:13-85
193            android:enabled="true"
193-->[com.google.android.gms:play-services-measurement:20.0.0] AndroidManifest.xml:31:13-35
194            android:exported="false" >
194-->[com.google.android.gms:play-services-measurement:20.0.0] AndroidManifest.xml:32:13-37
195        </receiver>
196
197        <service
197-->[com.google.android.gms:play-services-measurement:20.0.0] AndroidManifest.xml:35:9-38:40
198            android:name="com.google.android.gms.measurement.AppMeasurementService"
198-->[com.google.android.gms:play-services-measurement:20.0.0] AndroidManifest.xml:36:13-84
199            android:enabled="true"
199-->[com.google.android.gms:play-services-measurement:20.0.0] AndroidManifest.xml:37:13-35
200            android:exported="false" />
200-->[com.google.android.gms:play-services-measurement:20.0.0] AndroidManifest.xml:38:13-37
201        <service
201-->[com.google.android.gms:play-services-measurement:20.0.0] AndroidManifest.xml:39:9-43:72
202            android:name="com.google.android.gms.measurement.AppMeasurementJobService"
202-->[com.google.android.gms:play-services-measurement:20.0.0] AndroidManifest.xml:40:13-87
203            android:enabled="true"
203-->[com.google.android.gms:play-services-measurement:20.0.0] AndroidManifest.xml:41:13-35
204            android:exported="false"
204-->[com.google.android.gms:play-services-measurement:20.0.0] AndroidManifest.xml:42:13-37
205            android:permission="android.permission.BIND_JOB_SERVICE" />
205-->[com.google.android.gms:play-services-measurement:20.0.0] AndroidManifest.xml:43:13-69
206
207        <meta-data
207-->[com.google.android.gms:play-services-basement:17.3.0] AndroidManifest.xml:23:9-25:69
208            android:name="com.google.android.gms.version"
208-->[com.google.android.gms:play-services-basement:17.3.0] AndroidManifest.xml:24:13-58
209            android:value="@integer/google_play_services_version" />
209-->[com.google.android.gms:play-services-basement:17.3.0] AndroidManifest.xml:25:13-66
210
211        <service
211-->[com.google.android.datatransport:transport-runtime:3.0.0] AndroidManifest.xml:26:9-30:19
212            android:name="com.google.android.datatransport.runtime.scheduling.jobscheduling.JobInfoSchedulerService"
212-->[com.google.android.datatransport:transport-runtime:3.0.0] AndroidManifest.xml:27:13-117
213            android:exported="false"
213-->[com.google.android.datatransport:transport-runtime:3.0.0] AndroidManifest.xml:28:13-37
214            android:permission="android.permission.BIND_JOB_SERVICE" >
214-->[com.google.android.datatransport:transport-runtime:3.0.0] AndroidManifest.xml:29:13-69
215        </service>
216
217        <receiver
217-->[com.google.android.datatransport:transport-runtime:3.0.0] AndroidManifest.xml:32:9-34:40
218            android:name="com.google.android.datatransport.runtime.scheduling.jobscheduling.AlarmManagerSchedulerBroadcastReceiver"
218-->[com.google.android.datatransport:transport-runtime:3.0.0] AndroidManifest.xml:33:13-132
219            android:exported="false" />
219-->[com.google.android.datatransport:transport-runtime:3.0.0] AndroidManifest.xml:34:13-37
220    </application>
221
222</manifest>